<?xml version="1.0" encoding="UTF-8"?>
<!-- Generated by org.testng.reporters.JUnitReportReporter -->
<testsuite hostname="Akshay" failures="0" tests="4" name="testpack.Automation" time="0.026" errors="0" timestamp="2023-02-07T14:43:50 IST" skipped="0">
  <testcase classname="testpack.Automation" name="test4" time="0.005"/>
  <system-out/>
  <testcase classname="testpack.Automation" name="test3" time="0.004"/>
  <system-out/>
  <testcase classname="testpack.Automation" name="test2" time="0.004"/>
  <system-out/>
  <testcase classname="testpack.Automation" name="test1" time="0.013"/>
  <system-out/>
</testsuite> <!-- testpack.Automation -->
