<?xml version="1.0" encoding="UTF-8"?>
<!-- Generated by org.testng.reporters.JUnitReportReporter -->
<testsuite hostname="Akshay" failures="0" tests="4" name="testpack.TestNGClass" time="0.023" errors="0" timestamp="2023-02-07T14:36:02 IST" skipped="0">
  <testcase classname="testpack.TestNGClass" name="testD" time="0.004"/>
  <system-out/>
  <testcase classname="testpack.TestNGClass" name="testC" time="0.004"/>
  <system-out/>
  <testcase classname="testpack.TestNGClass" name="testB" time="0.004"/>
  <system-out/>
  <testcase classname="testpack.TestNGClass" name="testA" time="0.011"/>
  <system-out/>
</testsuite> <!-- testpack.TestNGClass -->
